<?xml version="1.0" encoding="UTF-8"?>
<testsuite xmlns:xsi="http://www.w3.org/2001/XMLSchema-instance" xsi:noNamespaceSchemaLocation="https://maven.apache.org/surefire/maven-surefire-plugin/xsd/surefire-test-report-3.0.xsd" version="3.0" name="com.parcial.app.ParcialApplicationTests" time="5.455" tests="1" errors="0" skipped="0" failures="0">
  <properties>
[...]
</properties>
  <testcase name="contextLoads" classname="com.parcial.app.ParcialApplicationTests" time="1.104">
    <system-out><![CDATA[23:04:03.512 [main] INFO org.springframework.test.context.support.AnnotationConfigContextLoaderUtils -- Could not detect default configuration classes for test class [com.parcial.app.ParcialApplicationTests]: ParcialApplicationTests does not declare any static, non-private, non-final, nested classes annotated with @Configuration.
23:04:03.649 [main] INFO org.springframework.boot.test.context.SpringBootTestContextBootstrapper -- Found @SpringBootConfiguration com.parcial.app.ParcialApplication for test class com.parcial.app.ParcialApplicationTests

  .   ____          _            __ _ _
 /\\ / ___'_ __ _ _(_)_ __  __ _ \ \ \ \
( ( )\___ | '_ | '_| | '_ \/ _` | \ \ \ \
 \\/  ___)| |_)| | | | | || (_| |  ) ) ) )
  '  |____| .__|_| |_|_| |_\__, | / / / /
 =========|_|==============|___/=/_/_/_/
 :: Spring Boot ::                (v3.1.4)

2023-11-26T23:04:04.285-05:00  INFO 4660 --- [           main] c.parcial.app.ParcialApplicationTests    : Starting ParcialApplicationTests using Java 17.0.8.1 with PID 4660 (started by Kevin in C:\TRABAJOS_KEVIN\Parcial\Parcial)
2023-11-26T23:04:04.287-05:00  INFO 4660 --- [           main] c.parcial.app.ParcialApplicationTests    : No active profile set, falling back to 1 default profile: "default"
2023-11-26T23:04:05.172-05:00  INFO 4660 --- [           main] .s.d.r.c.RepositoryConfigurationDelegate : Bootstrapping Spring Data MongoDB repositories in DEFAULT mode.
2023-11-26T23:04:05.277-05:00  INFO 4660 --- [           main] .s.d.r.c.RepositoryConfigurationDelegate : Finished Spring Data repository scanning in 95 ms. Found 4 MongoDB repository interfaces.
2023-11-26T23:04:06.024-05:00  INFO 4660 --- [           main] org.mongodb.driver.client                : MongoClient with metadata {"driver": {"name": "mongo-java-driver|sync|spring-boot", "version": "4.9.1"}, "os": {"type": "Windows", "name": "Windows 11", "architecture": "amd64", "version": "10.0"}, "platform": "Java/Eclipse Adoptium/17.0.8.1+1"} created with settings MongoClientSettings{readPreference=primary, writeConcern=WriteConcern{w=null, wTimeout=null ms, journal=null}, retryWrites=true, retryReads=true, readConcern=ReadConcern{level=null}, credential=MongoCredential{mechanism=null, userName='pirobo', source='admin', password=<hidden>, mechanismProperties=<hidden>}, streamFactoryFactory=null, commandListeners=[], codecRegistry=ProvidersCodecRegistry{codecProviders=[ValueCodecProvider{}, BsonValueCodecProvider{}, DBRefCodecProvider{}, DBObjectCodecProvider{}, DocumentCodecProvider{}, CollectionCodecProvider{}, IterableCodecProvider{}, MapCodecProvider{}, GeoJsonCodecProvider{}, GridFSFileCodecProvider{}, Jsr310CodecProvider{}, JsonObjectCodecProvider{}, BsonCodecProvider{}, EnumCodecProvider{}, com.mongodb.client.model.mql.ExpressionCodecProvider@14422d9d, com.mongodb.Jep395RecordCodecProvider@16c1519e]}, loggerSettings=LoggerSettings{maxDocumentLength=1000}, clusterSettings={hosts=[127.0.0.1:27017], srvHost=cluster1.z9l4giw.mongodb.net, srvServiceName=mongodb, mode=MULTIPLE, requiredClusterType=REPLICA_SET, requiredReplicaSetName='atlas-agd635-shard-0', serverSelector='null', clusterListeners='[]', serverSelectionTimeout='30000 ms', localThreshold='30000 ms'}, socketSettings=SocketSettings{connectTimeoutMS=10000, readTimeoutMS=0, receiveBufferSize=0, sendBufferSize=0}, heartbeatSocketSettings=SocketSettings{connectTimeoutMS=10000, readTimeoutMS=10000, receiveBufferSize=0, sendBufferSize=0}, connectionPoolSettings=ConnectionPoolSettings{maxSize=100, minSize=0, maxWaitTimeMS=120000, maxConnectionLifeTimeMS=0, maxConnectionIdleTimeMS=0, maintenanceInitialDelayMS=0, maintenanceFrequencyMS=60000, connectionPoolListeners=[], maxConnecting=2}, serverSettings=ServerSettings{heartbeatFrequencyMS=10000, minHeartbeatFrequencyMS=500, serverListeners='[]', serverMonitorListeners='[]'}, sslSettings=SslSettings{enabled=true, invalidHostNameAllowed=false, context=null}, applicationName='null', compressorList=[], uuidRepresentation=JAVA_LEGACY, serverApi=null, autoEncryptionSettings=null, contextProvider=null}
2023-11-26T23:04:06.128-05:00  INFO 4660 --- [giw.mongodb.net] org.mongodb.driver.cluster               : Adding discovered server ac-arbjisx-shard-00-00.z9l4giw.mongodb.net:27017 to client view of cluster
2023-11-26T23:04:06.183-05:00  INFO 4660 --- [giw.mongodb.net] org.mongodb.driver.cluster               : Adding discovered server ac-arbjisx-shard-00-02.z9l4giw.mongodb.net:27017 to client view of cluster
2023-11-26T23:04:06.184-05:00  INFO 4660 --- [giw.mongodb.net] org.mongodb.driver.cluster               : Adding discovered server ac-arbjisx-shard-00-01.z9l4giw.mongodb.net:27017 to client view of cluster
2023-11-26T23:04:07.325-05:00  INFO 4660 --- [ngodb.net:27017] org.mongodb.driver.cluster               : Monitor thread successfully connected to server with description ServerDescription{address=ac-arbjisx-shard-00-00.z9l4giw.mongodb.net:27017, type=REPLICA_SET_SECONDARY, state=CONNECTED, ok=true, minWireVersion=0, maxWireVersion=17, maxDocumentSize=16777216, logicalSessionTimeoutMinutes=30, roundTripTimeNanos=615709700, setName='atlas-agd635-shard-0', canonicalAddress=ac-arbjisx-shard-00-00.z9l4giw.mongodb.net:27017, hosts=[ac-arbjisx-shard-00-01.z9l4giw.mongodb.net:27017, ac-arbjisx-shard-00-02.z9l4giw.mongodb.net:27017, ac-arbjisx-shard-00-00.z9l4giw.mongodb.net:27017], passives=[], arbiters=[], primary='ac-arbjisx-shard-00-02.z9l4giw.mongodb.net:27017', tagSet=TagSet{[Tag{name='availabilityZone', value='sae1-az1'}, Tag{name='nodeType', value='ELECTABLE'}, Tag{name='provider', value='AWS'}, Tag{name='region', value='SA_EAST_1'}, Tag{name='workloadType', value='OPERATIONAL'}]}, electionId=null, setVersion=2, topologyVersion=TopologyVersion{processId=655e460c4bb99fd5945f0358, counter=4}, lastWriteDate=Sun Nov 26 23:04:07 COT 2023, lastUpdateTimeNanos=106030185795400}
2023-11-26T23:04:07.325-05:00  INFO 4660 --- [ngodb.net:27017] org.mongodb.driver.cluster               : Monitor thread successfully connected to server with description ServerDescription{address=ac-arbjisx-shard-00-02.z9l4giw.mongodb.net:27017, type=REPLICA_SET_PRIMARY, state=CONNECTED, ok=true, minWireVersion=0, maxWireVersion=17, maxDocumentSize=16777216, logicalSessionTimeoutMinutes=30, roundTripTimeNanos=611287600, setName='atlas-agd635-shard-0', canonicalAddress=ac-arbjisx-shard-00-02.z9l4giw.mongodb.net:27017, hosts=[ac-arbjisx-shard-00-01.z9l4giw.mongodb.net:27017, ac-arbjisx-shard-00-02.z9l4giw.mongodb.net:27017, ac-arbjisx-shard-00-00.z9l4giw.mongodb.net:27017], passives=[], arbiters=[], primary='ac-arbjisx-shard-00-02.z9l4giw.mongodb.net:27017', tagSet=TagSet{[Tag{name='availabilityZone', value='sae1-az2'}, Tag{name='nodeType', value='ELECTABLE'}, Tag{name='provider', value='AWS'}, Tag{name='region', value='SA_EAST_1'}, Tag{name='workloadType', value='OPERATIONAL'}]}, electionId=7fffffff0000000000000044, setVersion=2, topologyVersion=TopologyVersion{processId=655e478f5040d512e005fa26, counter=6}, lastWriteDate=Sun Nov 26 23:04:07 COT 2023, lastUpdateTimeNanos=106030185795500}
2023-11-26T23:04:07.331-05:00  INFO 4660 --- [ngodb.net:27017] org.mongodb.driver.cluster               : Discovered replica set primary ac-arbjisx-shard-00-02.z9l4giw.mongodb.net:27017 with max election id 7fffffff0000000000000044 and max set version 2
2023-11-26T23:04:07.348-05:00  INFO 4660 --- [ngodb.net:27017] org.mongodb.driver.cluster               : Monitor thread successfully connected to server with description ServerDescription{address=ac-arbjisx-shard-00-01.z9l4giw.mongodb.net:27017, type=REPLICA_SET_SECONDARY, state=CONNECTED, ok=true, minWireVersion=0, maxWireVersion=17, maxDocumentSize=16777216, logicalSessionTimeoutMinutes=30, roundTripTimeNanos=653482900, setName='atlas-agd635-shard-0', canonicalAddress=ac-arbjisx-shard-00-01.z9l4giw.mongodb.net:27017, hosts=[ac-arbjisx-shard-00-01.z9l4giw.mongodb.net:27017, ac-arbjisx-shard-00-02.z9l4giw.mongodb.net:27017, ac-arbjisx-shard-00-00.z9l4giw.mongodb.net:27017], passives=[], arbiters=[], primary='ac-arbjisx-shard-00-02.z9l4giw.mongodb.net:27017', tagSet=TagSet{[Tag{name='availabilityZone', value='sae1-az3'}, Tag{name='nodeType', value='ELECTABLE'}, Tag{name='provider', value='AWS'}, Tag{name='region', value='SA_EAST_1'}, Tag{name='workloadType', value='OPERATIONAL'}]}, electionId=null, setVersion=2, topologyVersion=TopologyVersion{processId=655e4a762a1dae52e7514db4, counter=3}, lastWriteDate=Sun Nov 26 23:04:07 COT 2023, lastUpdateTimeNanos=106030228188600}
2023-11-26T23:04:07.618-05:00  INFO 4660 --- [           main] c.parcial.app.ParcialApplicationTests    : Started ParcialApplicationTests in 3.729 seconds (process running for 5.027)
]]></system-out>
  </testcase>
</testsuite>